[error] Failed to fetch Firebase Project from Studio Workspace because WORKSPACE_SLUG environment variable is empty
[error] Failed to fetch Firebase Project from Studio Workspace because WORKSPACE_SLUG environment variable is empty
[debug] [2025-10-08T06:14:22.259Z] Checked if tokens are valid: false, expires at: 1759850779881
[debug] [2025-10-08T06:14:22.262Z] Checked if tokens are valid: false, expires at: 1759850779881
[debug] [2025-10-08T06:14:22.264Z] > refreshing access token with scopes: []
[debug] [2025-10-08T06:14:22.271Z] >>> [apiv2][query] POST https://www.googleapis.com/oauth2/v3/token [none]
[debug] [2025-10-08T06:14:22.274Z] >>> [apiv2][body] POST https://www.googleapis.com/oauth2/v3/token [omitted]
[debug] [2025-10-08T06:14:22.368Z] Checked if tokens are valid: false, expires at: 1759850779881
[debug] [2025-10-08T06:14:22.369Z] Checked if tokens are valid: false, expires at: 1759850779881
[debug] [2025-10-08T06:14:22.372Z] > refreshing access token with scopes: []
[debug] [2025-10-08T06:14:22.375Z] >>> [apiv2][query] POST https://www.googleapis.com/oauth2/v3/token [none]
[debug] [2025-10-08T06:14:22.376Z] >>> [apiv2][body] POST https://www.googleapis.com/oauth2/v3/token [omitted]
[debug] [2025-10-08T06:14:22.384Z] Checked if tokens are valid: false, expires at: 1759850779881
[debug] [2025-10-08T06:14:22.385Z] Checked if tokens are valid: false, expires at: 1759850779881
[debug] [2025-10-08T06:14:22.386Z] > refreshing access token with scopes: []
[debug] [2025-10-08T06:14:22.389Z] >>> [apiv2][query] POST https://www.googleapis.com/oauth2/v3/token [none]
[debug] [2025-10-08T06:14:22.390Z] >>> [apiv2][body] POST https://www.googleapis.com/oauth2/v3/token [omitted]
[debug] [2025-10-08T06:14:22.396Z] Checked if tokens are valid: false, expires at: 1759850779881
[debug] [2025-10-08T06:14:22.396Z] Checked if tokens are valid: false, expires at: 1759850779881
[debug] [2025-10-08T06:14:22.396Z] > refreshing access token with scopes: []
[debug] [2025-10-08T06:14:22.397Z] >>> [apiv2][query] POST https://www.googleapis.com/oauth2/v3/token [none]
[debug] [2025-10-08T06:14:22.397Z] >>> [apiv2][body] POST https://www.googleapis.com/oauth2/v3/token [omitted]
[debug] [2025-10-08T06:14:22.404Z] Checked if tokens are valid: false, expires at: 1759850779881
[debug] [2025-10-08T06:14:22.406Z] Checked if tokens are valid: false, expires at: 1759850779881
[debug] [2025-10-08T06:14:22.406Z] > refreshing access token with scopes: []
[debug] [2025-10-08T06:14:22.407Z] >>> [apiv2][query] POST https://www.googleapis.com/oauth2/v3/token [none]
[debug] [2025-10-08T06:14:22.407Z] >>> [apiv2][body] POST https://www.googleapis.com/oauth2/v3/token [omitted]
[debug] [2025-10-08T06:14:22.415Z] Checked if tokens are valid: false, expires at: 1759850779881
[debug] [2025-10-08T06:14:22.416Z] Checked if tokens are valid: false, expires at: 1759850779881
[debug] [2025-10-08T06:14:22.416Z] > refreshing access token with scopes: []
[debug] [2025-10-08T06:14:22.417Z] >>> [apiv2][query] POST https://www.googleapis.com/oauth2/v3/token [none]
[debug] [2025-10-08T06:14:22.417Z] >>> [apiv2][body] POST https://www.googleapis.com/oauth2/v3/token [omitted]
[debug] [2025-10-08T06:14:22.425Z] Checked if tokens are valid: false, expires at: 1759850779881
[debug] [2025-10-08T06:14:22.425Z] Checked if tokens are valid: false, expires at: 1759850779881
[debug] [2025-10-08T06:14:22.426Z] > refreshing access token with scopes: []
[debug] [2025-10-08T06:14:22.426Z] >>> [apiv2][query] POST https://www.googleapis.com/oauth2/v3/token [none]
[debug] [2025-10-08T06:14:22.426Z] >>> [apiv2][body] POST https://www.googleapis.com/oauth2/v3/token [omitted]
[debug] [2025-10-08T06:14:22.434Z] Checked if tokens are valid: false, expires at: 1759850779881
[debug] [2025-10-08T06:14:22.435Z] Checked if tokens are valid: false, expires at: 1759850779881
[debug] [2025-10-08T06:14:22.435Z] > refreshing access token with scopes: []
[debug] [2025-10-08T06:14:22.437Z] >>> [apiv2][query] POST https://www.googleapis.com/oauth2/v3/token [none]
[debug] [2025-10-08T06:14:22.437Z] >>> [apiv2][body] POST https://www.googleapis.com/oauth2/v3/token [omitted]
[error] Failed to fetch Firebase Project from Studio Workspace because WORKSPACE_SLUG environment variable is empty
[error] Failed to fetch Firebase Project from Studio Workspace because WORKSPACE_SLUG environment variable is empty
[debug] [2025-10-08T06:14:22.639Z] Checked if tokens are valid: false, expires at: 1759850779881
[debug] [2025-10-08T06:14:22.640Z] Checked if tokens are valid: false, expires at: 1759850779881
[debug] [2025-10-08T06:14:22.641Z] > refreshing access token with scopes: []
[debug] [2025-10-08T06:14:22.642Z] >>> [apiv2][query] POST https://www.googleapis.com/oauth2/v3/token [none]
[debug] [2025-10-08T06:14:22.643Z] >>> [apiv2][body] POST https://www.googleapis.com/oauth2/v3/token [omitted]
[debug] [2025-10-08T06:14:22.656Z] Checked if tokens are valid: false, expires at: 1759850779881
[debug] [2025-10-08T06:14:22.656Z] Checked if tokens are valid: false, expires at: 1759850779881
[debug] [2025-10-08T06:14:22.658Z] > refreshing access token with scopes: []
[debug] [2025-10-08T06:14:22.659Z] >>> [apiv2][query] POST https://www.googleapis.com/oauth2/v3/token [none]
[debug] [2025-10-08T06:14:22.659Z] >>> [apiv2][body] POST https://www.googleapis.com/oauth2/v3/token [omitted]
[debug] [2025-10-08T06:14:22.668Z] Checked if tokens are valid: false, expires at: 1759850779881
[debug] [2025-10-08T06:14:22.668Z] Checked if tokens are valid: false, expires at: 1759850779881
[debug] [2025-10-08T06:14:22.668Z] > refreshing access token with scopes: []
[debug] [2025-10-08T06:14:22.668Z] >>> [apiv2][query] POST https://www.googleapis.com/oauth2/v3/token [none]
[debug] [2025-10-08T06:14:22.669Z] >>> [apiv2][body] POST https://www.googleapis.com/oauth2/v3/token [omitted]
[debug] [2025-10-08T06:14:22.685Z] Checked if tokens are valid: false, expires at: 1759850779881
[debug] [2025-10-08T06:14:22.685Z] Checked if tokens are valid: false, expires at: 1759850779881
[debug] [2025-10-08T06:14:22.685Z] > refreshing access token with scopes: []
[debug] [2025-10-08T06:14:22.686Z] >>> [apiv2][query] POST https://www.googleapis.com/oauth2/v3/token [none]
[debug] [2025-10-08T06:14:22.686Z] >>> [apiv2][body] POST https://www.googleapis.com/oauth2/v3/token [omitted]
[debug] [2025-10-08T06:14:22.695Z] Checked if tokens are valid: false, expires at: 1759850779881
[debug] [2025-10-08T06:14:22.695Z] Checked if tokens are valid: false, expires at: 1759850779881
[debug] [2025-10-08T06:14:22.695Z] > refreshing access token with scopes: []
[debug] [2025-10-08T06:14:22.698Z] >>> [apiv2][query] POST https://www.googleapis.com/oauth2/v3/token [none]
[debug] [2025-10-08T06:14:22.698Z] >>> [apiv2][body] POST https://www.googleapis.com/oauth2/v3/token [omitted]
[debug] [2025-10-08T06:14:22.708Z] Checked if tokens are valid: false, expires at: 1759850779881
[debug] [2025-10-08T06:14:22.708Z] Checked if tokens are valid: false, expires at: 1759850779881
[debug] [2025-10-08T06:14:22.708Z] > refreshing access token with scopes: []
[debug] [2025-10-08T06:14:22.708Z] >>> [apiv2][query] POST https://www.googleapis.com/oauth2/v3/token [none]
[debug] [2025-10-08T06:14:22.709Z] >>> [apiv2][body] POST https://www.googleapis.com/oauth2/v3/token [omitted]
[debug] [2025-10-08T06:14:22.716Z] Checked if tokens are valid: false, expires at: 1759850779881
[debug] [2025-10-08T06:14:22.717Z] Checked if tokens are valid: false, expires at: 1759850779881
[debug] [2025-10-08T06:14:22.717Z] > refreshing access token with scopes: []
[debug] [2025-10-08T06:14:22.720Z] >>> [apiv2][query] POST https://www.googleapis.com/oauth2/v3/token [none]
[debug] [2025-10-08T06:14:22.720Z] >>> [apiv2][body] POST https://www.googleapis.com/oauth2/v3/token [omitted]
[debug] [2025-10-08T06:14:22.727Z] Checked if tokens are valid: false, expires at: 1759850779881
[debug] [2025-10-08T06:14:22.727Z] Checked if tokens are valid: false, expires at: 1759850779881
[debug] [2025-10-08T06:14:22.730Z] > refreshing access token with scopes: []
[debug] [2025-10-08T06:14:22.731Z] >>> [apiv2][query] POST https://www.googleapis.com/oauth2/v3/token [none]
[debug] [2025-10-08T06:14:22.731Z] >>> [apiv2][body] POST https://www.googleapis.com/oauth2/v3/token [omitted]
[debug] [2025-10-08T06:14:22.939Z] <<< [apiv2][status] POST https://www.googleapis.com/oauth2/v3/token 200
[debug] [2025-10-08T06:14:22.942Z] <<< [apiv2][body] POST https://www.googleapis.com/oauth2/v3/token [omitted]
[debug] [2025-10-08T06:14:22.991Z] >>> [apiv2][query] GET https://serviceusage.googleapis.com/v1/projects/studio-774665260-80d2e/services/identitytoolkit.googleapis.com [none]
[debug] [2025-10-08T06:14:22.992Z] >>> [apiv2][(partial)header] GET https://serviceusage.googleapis.com/v1/projects/studio-774665260-80d2e/services/identitytoolkit.googleapis.com x-goog-quota-user=projects/studio-774665260-80d2e
[debug] [2025-10-08T06:14:23.013Z] <<< [apiv2][status] POST https://www.googleapis.com/oauth2/v3/token 200
[debug] [2025-10-08T06:14:23.016Z] <<< [apiv2][body] POST https://www.googleapis.com/oauth2/v3/token [omitted]
[debug] [2025-10-08T06:14:23.038Z] >>> [apiv2][query] GET https://serviceusage.googleapis.com/v1/projects/studio-774665260-80d2e/services/storage.googleapis.com [none]
[debug] [2025-10-08T06:14:23.038Z] >>> [apiv2][(partial)header] GET https://serviceusage.googleapis.com/v1/projects/studio-774665260-80d2e/services/storage.googleapis.com x-goog-quota-user=projects/studio-774665260-80d2e
[debug] [2025-10-08T06:14:23.044Z] <<< [apiv2][status] POST https://www.googleapis.com/oauth2/v3/token 200
[debug] [2025-10-08T06:14:23.044Z] <<< [apiv2][body] POST https://www.googleapis.com/oauth2/v3/token [omitted]
[debug] [2025-10-08T06:14:23.072Z] >>> [apiv2][query] GET https://serviceusage.googleapis.com/v1/projects/studio-774665260-80d2e/services/firebasecrashlytics.googleapis.com [none]
[debug] [2025-10-08T06:14:23.072Z] >>> [apiv2][(partial)header] GET https://serviceusage.googleapis.com/v1/projects/studio-774665260-80d2e/services/firebasecrashlytics.googleapis.com x-goog-quota-user=projects/studio-774665260-80d2e
[debug] [2025-10-08T06:14:23.084Z] <<< [apiv2][status] POST https://www.googleapis.com/oauth2/v3/token 200
[debug] [2025-10-08T06:14:23.084Z] <<< [apiv2][body] POST https://www.googleapis.com/oauth2/v3/token [omitted]
[debug] [2025-10-08T06:14:23.115Z] >>> [apiv2][query] GET https://serviceusage.googleapis.com/v1/projects/studio-774665260-80d2e/services/firebaseio.com [none]
[debug] [2025-10-08T06:14:23.116Z] >>> [apiv2][(partial)header] GET https://serviceusage.googleapis.com/v1/projects/studio-774665260-80d2e/services/firebaseio.com x-goog-quota-user=projects/studio-774665260-80d2e
[debug] [2025-10-08T06:14:23.149Z] <<< [apiv2][status] POST https://www.googleapis.com/oauth2/v3/token 200
[debug] [2025-10-08T06:14:23.150Z] <<< [apiv2][body] POST https://www.googleapis.com/oauth2/v3/token [omitted]
[debug] [2025-10-08T06:14:23.172Z] >>> [apiv2][query] GET https://serviceusage.googleapis.com/v1/projects/studio-774665260-80d2e/services/fcm.googleapis.com [none]
[debug] [2025-10-08T06:14:23.173Z] >>> [apiv2][(partial)header] GET https://serviceusage.googleapis.com/v1/projects/studio-774665260-80d2e/services/fcm.googleapis.com x-goog-quota-user=projects/studio-774665260-80d2e
[debug] [2025-10-08T06:14:23.176Z] <<< [apiv2][status] POST https://www.googleapis.com/oauth2/v3/token 200
[debug] [2025-10-08T06:14:23.176Z] <<< [apiv2][body] POST https://www.googleapis.com/oauth2/v3/token [omitted]
[debug] [2025-10-08T06:14:23.190Z] >>> [apiv2][query] GET https://serviceusage.googleapis.com/v1/projects/studio-774665260-80d2e/services/firebasedataconnect.googleapis.com [none]
[debug] [2025-10-08T06:14:23.191Z] >>> [apiv2][(partial)header] GET https://serviceusage.googleapis.com/v1/projects/studio-774665260-80d2e/services/firebasedataconnect.googleapis.com x-goog-quota-user=projects/studio-774665260-80d2e
[debug] [2025-10-08T06:14:23.203Z] <<< [apiv2][status] POST https://www.googleapis.com/oauth2/v3/token 200
[debug] [2025-10-08T06:14:23.203Z] <<< [apiv2][body] POST https://www.googleapis.com/oauth2/v3/token [omitted]
[debug] [2025-10-08T06:14:23.226Z] >>> [apiv2][query] GET https://serviceusage.googleapis.com/v1/projects/studio-774665260-80d2e/services/ [none]
[debug] [2025-10-08T06:14:23.226Z] >>> [apiv2][(partial)header] GET https://serviceusage.googleapis.com/v1/projects/studio-774665260-80d2e/services/ x-goog-quota-user=projects/studio-774665260-80d2e
[debug] [2025-10-08T06:14:23.233Z] <<< [apiv2][status] POST https://www.googleapis.com/oauth2/v3/token 200
[debug] [2025-10-08T06:14:23.233Z] <<< [apiv2][body] POST https://www.googleapis.com/oauth2/v3/token [omitted]
[debug] [2025-10-08T06:14:23.253Z] >>> [apiv2][query] GET https://serviceusage.googleapis.com/v1/projects/studio-774665260-80d2e/services/fcm.googleapis.com [none]
[debug] [2025-10-08T06:14:23.253Z] >>> [apiv2][(partial)header] GET https://serviceusage.googleapis.com/v1/projects/studio-774665260-80d2e/services/fcm.googleapis.com x-goog-quota-user=projects/studio-774665260-80d2e
[debug] [2025-10-08T06:14:23.262Z] <<< [apiv2][status] POST https://www.googleapis.com/oauth2/v3/token 200
[debug] [2025-10-08T06:14:23.267Z] <<< [apiv2][body] POST https://www.googleapis.com/oauth2/v3/token [omitted]
[debug] [2025-10-08T06:14:23.281Z] >>> [apiv2][query] GET https://serviceusage.googleapis.com/v1/projects/studio-774665260-80d2e/services/identitytoolkit.googleapis.com [none]
[debug] [2025-10-08T06:14:23.281Z] >>> [apiv2][(partial)header] GET https://serviceusage.googleapis.com/v1/projects/studio-774665260-80d2e/services/identitytoolkit.googleapis.com x-goog-quota-user=projects/studio-774665260-80d2e
[debug] [2025-10-08T06:14:23.285Z] <<< [apiv2][status] POST https://www.googleapis.com/oauth2/v3/token 200
[debug] [2025-10-08T06:14:23.285Z] <<< [apiv2][body] POST https://www.googleapis.com/oauth2/v3/token [omitted]
[debug] [2025-10-08T06:14:23.303Z] >>> [apiv2][query] GET https://serviceusage.googleapis.com/v1/projects/studio-774665260-80d2e/services/firebaseremoteconfig.googleapis.com [none]
[debug] [2025-10-08T06:14:23.303Z] >>> [apiv2][(partial)header] GET https://serviceusage.googleapis.com/v1/projects/studio-774665260-80d2e/services/firebaseremoteconfig.googleapis.com x-goog-quota-user=projects/studio-774665260-80d2e
[debug] [2025-10-08T06:14:23.322Z] <<< [apiv2][status] POST https://www.googleapis.com/oauth2/v3/token 200
[debug] [2025-10-08T06:14:23.323Z] <<< [apiv2][body] POST https://www.googleapis.com/oauth2/v3/token [omitted]
[debug] [2025-10-08T06:14:23.339Z] >>> [apiv2][query] GET https://serviceusage.googleapis.com/v1/projects/studio-774665260-80d2e/services/firebasecrashlytics.googleapis.com [none]
[debug] [2025-10-08T06:14:23.339Z] >>> [apiv2][(partial)header] GET https://serviceusage.googleapis.com/v1/projects/studio-774665260-80d2e/services/firebasecrashlytics.googleapis.com x-goog-quota-user=projects/studio-774665260-80d2e
[debug] [2025-10-08T06:14:23.347Z] <<< [apiv2][status] POST https://www.googleapis.com/oauth2/v3/token 200
[debug] [2025-10-08T06:14:23.347Z] <<< [apiv2][body] POST https://www.googleapis.com/oauth2/v3/token [omitted]
[debug] [2025-10-08T06:14:23.363Z] >>> [apiv2][query] GET https://serviceusage.googleapis.com/v1/projects/studio-774665260-80d2e/services/firebaseremoteconfig.googleapis.com [none]
[debug] [2025-10-08T06:14:23.364Z] >>> [apiv2][(partial)header] GET https://serviceusage.googleapis.com/v1/projects/studio-774665260-80d2e/services/firebaseremoteconfig.googleapis.com x-goog-quota-user=projects/studio-774665260-80d2e
[debug] [2025-10-08T06:14:23.367Z] <<< [apiv2][status] POST https://www.googleapis.com/oauth2/v3/token 200
[debug] [2025-10-08T06:14:23.367Z] <<< [apiv2][body] POST https://www.googleapis.com/oauth2/v3/token [omitted]
[debug] [2025-10-08T06:14:23.382Z] >>> [apiv2][query] GET https://serviceusage.googleapis.com/v1/projects/studio-774665260-80d2e/services/storage.googleapis.com [none]
[debug] [2025-10-08T06:14:23.383Z] >>> [apiv2][(partial)header] GET https://serviceusage.googleapis.com/v1/projects/studio-774665260-80d2e/services/storage.googleapis.com x-goog-quota-user=projects/studio-774665260-80d2e
[debug] [2025-10-08T06:14:23.388Z] <<< [apiv2][status] POST https://www.googleapis.com/oauth2/v3/token 200
[debug] [2025-10-08T06:14:23.388Z] <<< [apiv2][body] POST https://www.googleapis.com/oauth2/v3/token [omitted]
[debug] [2025-10-08T06:14:23.404Z] >>> [apiv2][query] GET https://serviceusage.googleapis.com/v1/projects/studio-774665260-80d2e/services/firebasedataconnect.googleapis.com [none]
[debug] [2025-10-08T06:14:23.404Z] >>> [apiv2][(partial)header] GET https://serviceusage.googleapis.com/v1/projects/studio-774665260-80d2e/services/firebasedataconnect.googleapis.com x-goog-quota-user=projects/studio-774665260-80d2e
[debug] [2025-10-08T06:14:23.412Z] <<< [apiv2][status] POST https://www.googleapis.com/oauth2/v3/token 200
[debug] [2025-10-08T06:14:23.412Z] <<< [apiv2][body] POST https://www.googleapis.com/oauth2/v3/token [omitted]
[debug] [2025-10-08T06:14:23.426Z] >>> [apiv2][query] GET https://serviceusage.googleapis.com/v1/projects/studio-774665260-80d2e/services/firebaseio.com [none]
[debug] [2025-10-08T06:14:23.426Z] >>> [apiv2][(partial)header] GET https://serviceusage.googleapis.com/v1/projects/studio-774665260-80d2e/services/firebaseio.com x-goog-quota-user=projects/studio-774665260-80d2e
[debug] [2025-10-08T06:14:23.491Z] <<< [apiv2][status] POST https://www.googleapis.com/oauth2/v3/token 200
[debug] [2025-10-08T06:14:23.492Z] <<< [apiv2][body] POST https://www.googleapis.com/oauth2/v3/token [omitted]
[debug] [2025-10-08T06:14:23.509Z] >>> [apiv2][query] GET https://serviceusage.googleapis.com/v1/projects/studio-774665260-80d2e/services/ [none]
[debug] [2025-10-08T06:14:23.510Z] >>> [apiv2][(partial)header] GET https://serviceusage.googleapis.com/v1/projects/studio-774665260-80d2e/services/ x-goog-quota-user=projects/studio-774665260-80d2e
[debug] [2025-10-08T06:14:23.774Z] <<< [apiv2][status] GET https://serviceusage.googleapis.com/v1/projects/studio-774665260-80d2e/services/firebaseio.com 403
[debug] [2025-10-08T06:14:23.775Z] <<< [apiv2][body] GET https://serviceusage.googleapis.com/v1/projects/studio-774665260-80d2e/services/firebaseio.com [omitted]
[debug] [2025-10-08T06:14:23.908Z] <<< [apiv2][status] GET https://serviceusage.googleapis.com/v1/projects/studio-774665260-80d2e/services/firebasecrashlytics.googleapis.com 200
[debug] [2025-10-08T06:14:23.908Z] <<< [apiv2][body] GET https://serviceusage.googleapis.com/v1/projects/studio-774665260-80d2e/services/firebasecrashlytics.googleapis.com [omitted]
[debug] [2025-10-08T06:14:23.922Z] <<< [apiv2][status] GET https://serviceusage.googleapis.com/v1/projects/studio-774665260-80d2e/services/identitytoolkit.googleapis.com 200
[debug] [2025-10-08T06:14:23.924Z] <<< [apiv2][body] GET https://serviceusage.googleapis.com/v1/projects/studio-774665260-80d2e/services/identitytoolkit.googleapis.com [omitted]
[debug] [2025-10-08T06:14:23.948Z] <<< [apiv2][status] GET https://serviceusage.googleapis.com/v1/projects/studio-774665260-80d2e/services/storage.googleapis.com 200
[debug] [2025-10-08T06:14:23.949Z] <<< [apiv2][body] GET https://serviceusage.googleapis.com/v1/projects/studio-774665260-80d2e/services/storage.googleapis.com [omitted]
[debug] [2025-10-08T06:14:24.093Z] <<< [apiv2][status] GET https://serviceusage.googleapis.com/v1/projects/studio-774665260-80d2e/services/fcm.googleapis.com 200
[debug] [2025-10-08T06:14:24.093Z] <<< [apiv2][body] GET https://serviceusage.googleapis.com/v1/projects/studio-774665260-80d2e/services/fcm.googleapis.com [omitted]
[debug] [2025-10-08T06:14:24.113Z] <<< [apiv2][status] GET https://serviceusage.googleapis.com/v1/projects/studio-774665260-80d2e/services/firebasedataconnect.googleapis.com 200
[debug] [2025-10-08T06:14:24.114Z] <<< [apiv2][body] GET https://serviceusage.googleapis.com/v1/projects/studio-774665260-80d2e/services/firebasedataconnect.googleapis.com [omitted]
[debug] [2025-10-08T06:14:24.163Z] <<< [apiv2][status] GET https://serviceusage.googleapis.com/v1/projects/studio-774665260-80d2e/services/firebaseio.com 403
[debug] [2025-10-08T06:14:24.164Z] <<< [apiv2][body] GET https://serviceusage.googleapis.com/v1/projects/studio-774665260-80d2e/services/firebaseio.com [omitted]
[debug] [2025-10-08T06:14:24.211Z] <<< [apiv2][status] GET https://serviceusage.googleapis.com/v1/projects/studio-774665260-80d2e/services/firebasecrashlytics.googleapis.com 200
[debug] [2025-10-08T06:14:24.211Z] <<< [apiv2][body] GET https://serviceusage.googleapis.com/v1/projects/studio-774665260-80d2e/services/firebasecrashlytics.googleapis.com [omitted]
[debug] [2025-10-08T06:14:24.219Z] <<< [apiv2][status] GET https://serviceusage.googleapis.com/v1/projects/studio-774665260-80d2e/services/firebaseremoteconfig.googleapis.com 200
[debug] [2025-10-08T06:14:24.219Z] <<< [apiv2][body] GET https://serviceusage.googleapis.com/v1/projects/studio-774665260-80d2e/services/firebaseremoteconfig.googleapis.com [omitted]
[debug] [2025-10-08T06:14:24.237Z] <<< [apiv2][status] GET https://serviceusage.googleapis.com/v1/projects/studio-774665260-80d2e/services/fcm.googleapis.com 200
[debug] [2025-10-08T06:14:24.237Z] <<< [apiv2][body] GET https://serviceusage.googleapis.com/v1/projects/studio-774665260-80d2e/services/fcm.googleapis.com [omitted]
[debug] [2025-10-08T06:14:24.260Z] <<< [apiv2][status] GET https://serviceusage.googleapis.com/v1/projects/studio-774665260-80d2e/services/firebaseremoteconfig.googleapis.com 200
[debug] [2025-10-08T06:14:24.260Z] <<< [apiv2][body] GET https://serviceusage.googleapis.com/v1/projects/studio-774665260-80d2e/services/firebaseremoteconfig.googleapis.com [omitted]
[debug] [2025-10-08T06:14:24.288Z] <<< [apiv2][status] GET https://serviceusage.googleapis.com/v1/projects/studio-774665260-80d2e/services/identitytoolkit.googleapis.com 200
[debug] [2025-10-08T06:14:24.288Z] <<< [apiv2][body] GET https://serviceusage.googleapis.com/v1/projects/studio-774665260-80d2e/services/identitytoolkit.googleapis.com [omitted]
[debug] [2025-10-08T06:14:24.312Z] <<< [apiv2][status] GET https://serviceusage.googleapis.com/v1/projects/studio-774665260-80d2e/services/storage.googleapis.com 200
[debug] [2025-10-08T06:14:24.317Z] <<< [apiv2][body] GET https://serviceusage.googleapis.com/v1/projects/studio-774665260-80d2e/services/storage.googleapis.com [omitted]
[debug] [2025-10-08T06:14:24.333Z] <<< [apiv2][status] GET https://serviceusage.googleapis.com/v1/projects/studio-774665260-80d2e/services/firebasedataconnect.googleapis.com 200
[debug] [2025-10-08T06:14:24.333Z] <<< [apiv2][body] GET https://serviceusage.googleapis.com/v1/projects/studio-774665260-80d2e/services/firebasedataconnect.googleapis.com [omitted]
[debug] [2025-10-08T06:14:24.468Z] <<< [apiv2][status] GET https://serviceusage.googleapis.com/v1/projects/studio-774665260-80d2e/services/ 200
[debug] [2025-10-08T06:14:24.468Z] <<< [apiv2][body] GET https://serviceusage.googleapis.com/v1/projects/studio-774665260-80d2e/services/ [omitted]
[error] Failed to fetch Firebase Project from Studio Workspace because WORKSPACE_SLUG environment variable is empty
[debug] [2025-10-08T06:14:24.488Z] <<< [apiv2][status] GET https://serviceusage.googleapis.com/v1/projects/studio-774665260-80d2e/services/ 200
[debug] [2025-10-08T06:14:24.488Z] <<< [apiv2][body] GET https://serviceusage.googleapis.com/v1/projects/studio-774665260-80d2e/services/ [omitted]
[error] Failed to fetch Firebase Project from Studio Workspace because WORKSPACE_SLUG environment variable is empty
[debug] [2025-10-08T06:14:24.500Z] > command requires scopes: ["email","openid","https://www.googleapis.com/auth/cloudplatformprojects.readonly","https://www.googleapis.com/auth/firebase","https://www.googleapis.com/auth/cloud-platform","https://www.googleapis.com/auth/userinfo.email"]
[debug] [2025-10-08T06:14:24.501Z] > authorizing via signed-in user (danielpainoserrano@gmail.com)
[error] Failed to fetch Firebase Project from Studio Workspace because WORKSPACE_SLUG environment variable is empty
[error] Failed to fetch Firebase Project from Studio Workspace because WORKSPACE_SLUG environment variable is empty
[debug] [2025-10-08T06:28:14.583Z] Checked if tokens are valid: true, expires at: 1759907662492
[debug] [2025-10-08T06:28:14.584Z] Checked if tokens are valid: true, expires at: 1759907662492
[debug] [2025-10-08T06:28:14.586Z] Checked if tokens are valid: true, expires at: 1759907662492
[debug] [2025-10-08T06:28:14.586Z] Checked if tokens are valid: true, expires at: 1759907662492
[debug] [2025-10-08T06:28:14.587Z] Checked if tokens are valid: true, expires at: 1759907662492
[debug] [2025-10-08T06:28:14.588Z] Checked if tokens are valid: true, expires at: 1759907662492
[debug] [2025-10-08T06:28:14.590Z] >>> [apiv2][query] GET https://serviceusage.googleapis.com/v1/projects/studio-774665260-80d2e/services/ [none]
[debug] [2025-10-08T06:28:14.591Z] >>> [apiv2][(partial)header] GET https://serviceusage.googleapis.com/v1/projects/studio-774665260-80d2e/services/ x-goog-quota-user=projects/studio-774665260-80d2e
[debug] [2025-10-08T06:28:14.637Z] >>> [apiv2][query] GET https://serviceusage.googleapis.com/v1/projects/studio-774665260-80d2e/services/firebasecrashlytics.googleapis.com [none]
[debug] [2025-10-08T06:28:14.638Z] >>> [apiv2][(partial)header] GET https://serviceusage.googleapis.com/v1/projects/studio-774665260-80d2e/services/firebasecrashlytics.googleapis.com x-goog-quota-user=projects/studio-774665260-80d2e
[debug] [2025-10-08T06:28:14.642Z] >>> [apiv2][query] GET https://serviceusage.googleapis.com/v1/projects/studio-774665260-80d2e/services/firebaseio.com [none]
[debug] [2025-10-08T06:28:14.642Z] >>> [apiv2][(partial)header] GET https://serviceusage.googleapis.com/v1/projects/studio-774665260-80d2e/services/firebaseio.com x-goog-quota-user=projects/studio-774665260-80d2e
[error] Failed to fetch Firebase Project from Studio Workspace because WORKSPACE_SLUG environment variable is empty
[error] Failed to fetch Firebase Project from Studio Workspace because WORKSPACE_SLUG environment variable is empty
[debug] [2025-10-08T06:28:14.767Z] Checked if tokens are valid: true, expires at: 1759907662492
[debug] [2025-10-08T06:28:14.767Z] Checked if tokens are valid: true, expires at: 1759907662492
[debug] [2025-10-08T06:28:14.772Z] Checked if tokens are valid: true, expires at: 1759907662492
[debug] [2025-10-08T06:28:14.773Z] Checked if tokens are valid: true, expires at: 1759907662492
[debug] [2025-10-08T06:28:14.774Z] Checked if tokens are valid: true, expires at: 1759907662492
[debug] [2025-10-08T06:28:14.774Z] Checked if tokens are valid: true, expires at: 1759907662492
[debug] [2025-10-08T06:28:14.781Z] >>> [apiv2][query] GET https://serviceusage.googleapis.com/v1/projects/studio-774665260-80d2e/services/ [none]
[debug] [2025-10-08T06:28:14.781Z] >>> [apiv2][(partial)header] GET https://serviceusage.googleapis.com/v1/projects/studio-774665260-80d2e/services/ x-goog-quota-user=projects/studio-774665260-80d2e
[debug] [2025-10-08T06:28:14.784Z] >>> [apiv2][query] GET https://serviceusage.googleapis.com/v1/projects/studio-774665260-80d2e/services/firebasecrashlytics.googleapis.com [none]
[debug] [2025-10-08T06:28:14.784Z] >>> [apiv2][(partial)header] GET https://serviceusage.googleapis.com/v1/projects/studio-774665260-80d2e/services/firebasecrashlytics.googleapis.com x-goog-quota-user=projects/studio-774665260-80d2e
[debug] [2025-10-08T06:28:14.787Z] >>> [apiv2][query] GET https://serviceusage.googleapis.com/v1/projects/studio-774665260-80d2e/services/firebaseio.com [none]
[debug] [2025-10-08T06:28:14.787Z] >>> [apiv2][(partial)header] GET https://serviceusage.googleapis.com/v1/projects/studio-774665260-80d2e/services/firebaseio.com x-goog-quota-user=projects/studio-774665260-80d2e
[debug] [2025-10-08T06:28:15.070Z] <<< [apiv2][status] GET https://serviceusage.googleapis.com/v1/projects/studio-774665260-80d2e/services/firebasecrashlytics.googleapis.com 200
[debug] [2025-10-08T06:28:15.071Z] <<< [apiv2][body] GET https://serviceusage.googleapis.com/v1/projects/studio-774665260-80d2e/services/firebasecrashlytics.googleapis.com [omitted]
[debug] [2025-10-08T06:28:15.382Z] <<< [apiv2][status] GET https://serviceusage.googleapis.com/v1/projects/studio-774665260-80d2e/services/firebaseio.com 403
[debug] [2025-10-08T06:28:15.383Z] <<< [apiv2][body] GET https://serviceusage.googleapis.com/v1/projects/studio-774665260-80d2e/services/firebaseio.com [omitted]
[debug] [2025-10-08T06:28:15.472Z] <<< [apiv2][status] GET https://serviceusage.googleapis.com/v1/projects/studio-774665260-80d2e/services/firebaseio.com 403
[debug] [2025-10-08T06:28:15.477Z] <<< [apiv2][body] GET https://serviceusage.googleapis.com/v1/projects/studio-774665260-80d2e/services/firebaseio.com [omitted]
[debug] [2025-10-08T06:28:15.577Z] <<< [apiv2][status] GET https://serviceusage.googleapis.com/v1/projects/studio-774665260-80d2e/services/firebasecrashlytics.googleapis.com 200
[debug] [2025-10-08T06:28:15.582Z] <<< [apiv2][body] GET https://serviceusage.googleapis.com/v1/projects/studio-774665260-80d2e/services/firebasecrashlytics.googleapis.com [omitted]
[debug] [2025-10-08T06:28:15.723Z] <<< [apiv2][status] GET https://serviceusage.googleapis.com/v1/projects/studio-774665260-80d2e/services/ 200
[debug] [2025-10-08T06:28:15.727Z] <<< [apiv2][body] GET https://serviceusage.googleapis.com/v1/projects/studio-774665260-80d2e/services/ [omitted]
[error] Failed to fetch Firebase Project from Studio Workspace because WORKSPACE_SLUG environment variable is empty
[error] Failed to fetch Firebase Project from Studio Workspace because WORKSPACE_SLUG environment variable is empty
[debug] [2025-10-08T06:28:15.751Z] > command requires scopes: ["email","openid","https://www.googleapis.com/auth/cloudplatformprojects.readonly","https://www.googleapis.com/auth/firebase","https://www.googleapis.com/auth/cloud-platform","https://www.googleapis.com/auth/userinfo.email"]
[debug] [2025-10-08T06:28:15.752Z] > authorizing via signed-in user (danielpainoserrano@gmail.com)
[debug] [2025-10-08T06:28:15.845Z] <<< [apiv2][status] GET https://serviceusage.googleapis.com/v1/projects/studio-774665260-80d2e/services/ 200
[debug] [2025-10-08T06:28:15.850Z] <<< [apiv2][body] GET https://serviceusage.googleapis.com/v1/projects/studio-774665260-80d2e/services/ [omitted]
[error] Failed to fetch Firebase Project from Studio Workspace because WORKSPACE_SLUG environment variable is empty
[error] Failed to fetch Firebase Project from Studio Workspace because WORKSPACE_SLUG environment variable is empty
[error] Failed to fetch Firebase Project from Studio Workspace because WORKSPACE_SLUG environment variable is empty
[debug] [2025-10-08T06:28:47.098Z] > command requires scopes: ["email","openid","https://www.googleapis.com/auth/cloudplatformprojects.readonly","https://www.googleapis.com/auth/firebase","https://www.googleapis.com/auth/cloud-platform","https://www.googleapis.com/auth/userinfo.email"]
[debug] [2025-10-08T06:28:47.098Z] > authorizing via signed-in user (danielpainoserrano@gmail.com)
[error] Failed to fetch Firebase Project from Studio Workspace because WORKSPACE_SLUG environment variable is empty
[debug] [2025-10-08T06:28:47.123Z] > command requires scopes: ["email","openid","https://www.googleapis.com/auth/cloudplatformprojects.readonly","https://www.googleapis.com/auth/firebase","https://www.googleapis.com/auth/cloud-platform","https://www.googleapis.com/auth/userinfo.email"]
[debug] [2025-10-08T06:28:47.124Z] > authorizing via signed-in user (danielpainoserrano@gmail.com)
[error] Failed to fetch Firebase Project from Studio Workspace because WORKSPACE_SLUG environment variable is empty
[error] Failed to fetch Firebase Project from Studio Workspace because WORKSPACE_SLUG environment variable is empty
[error] Failed to fetch Firebase Project from Studio Workspace because WORKSPACE_SLUG environment variable is empty
[debug] [2025-10-08T07:16:33.447Z] Checked if tokens are valid: false, expires at: 1759907662492
[debug] [2025-10-08T07:16:33.447Z] Checked if tokens are valid: false, expires at: 1759907662492
[debug] [2025-10-08T07:16:33.448Z] > refreshing access token with scopes: []
[debug] [2025-10-08T07:16:33.452Z] >>> [apiv2][query] POST https://www.googleapis.com/oauth2/v3/token [none]
[debug] [2025-10-08T07:16:33.453Z] >>> [apiv2][body] POST https://www.googleapis.com/oauth2/v3/token [omitted]
[debug] [2025-10-08T07:16:33.500Z] Checked if tokens are valid: false, expires at: 1759907662492
[debug] [2025-10-08T07:16:33.500Z] Checked if tokens are valid: false, expires at: 1759907662492
[debug] [2025-10-08T07:16:33.501Z] > refreshing access token with scopes: []
[debug] [2025-10-08T07:16:33.502Z] >>> [apiv2][query] POST https://www.googleapis.com/oauth2/v3/token [none]
[debug] [2025-10-08T07:16:33.502Z] >>> [apiv2][body] POST https://www.googleapis.com/oauth2/v3/token [omitted]
[debug] [2025-10-08T07:16:33.506Z] Checked if tokens are valid: false, expires at: 1759907662492
[debug] [2025-10-08T07:16:33.506Z] Checked if tokens are valid: false, expires at: 1759907662492
[debug] [2025-10-08T07:16:33.507Z] > refreshing access token with scopes: []
[debug] [2025-10-08T07:16:33.508Z] >>> [apiv2][query] POST https://www.googleapis.com/oauth2/v3/token [none]
[debug] [2025-10-08T07:16:33.508Z] >>> [apiv2][body] POST https://www.googleapis.com/oauth2/v3/token [omitted]
[error] Failed to fetch Firebase Project from Studio Workspace because WORKSPACE_SLUG environment variable is empty
[debug] [2025-10-08T07:16:33.444Z] Checked if tokens are valid: false, expires at: 1759907662492
[debug] [2025-10-08T07:16:33.445Z] Checked if tokens are valid: false, expires at: 1759907662492
[debug] [2025-10-08T07:16:33.445Z] > refreshing access token with scopes: []
[debug] [2025-10-08T07:16:33.450Z] >>> [apiv2][query] POST https://www.googleapis.com/oauth2/v3/token [none]
[debug] [2025-10-08T07:16:33.450Z] >>> [apiv2][body] POST https://www.googleapis.com/oauth2/v3/token [omitted]
[debug] [2025-10-08T07:16:33.499Z] Checked if tokens are valid: false, expires at: 1759907662492
[debug] [2025-10-08T07:16:33.500Z] Checked if tokens are valid: false, expires at: 1759907662492
[debug] [2025-10-08T07:16:33.500Z] > refreshing access token with scopes: []
[debug] [2025-10-08T07:16:33.501Z] >>> [apiv2][query] POST https://www.googleapis.com/oauth2/v3/token [none]
[debug] [2025-10-08T07:16:33.502Z] >>> [apiv2][body] POST https://www.googleapis.com/oauth2/v3/token [omitted]
[debug] [2025-10-08T07:16:33.511Z] Checked if tokens are valid: false, expires at: 1759907662492
[debug] [2025-10-08T07:16:33.511Z] Checked if tokens are valid: false, expires at: 1759907662492
[debug] [2025-10-08T07:16:33.512Z] > refreshing access token with scopes: []
[debug] [2025-10-08T07:16:33.513Z] >>> [apiv2][query] POST https://www.googleapis.com/oauth2/v3/token [none]
[debug] [2025-10-08T07:16:33.513Z] >>> [apiv2][body] POST https://www.googleapis.com/oauth2/v3/token [omitted]
[error] Failed to fetch Firebase Project from Studio Workspace because WORKSPACE_SLUG environment variable is empty
[error] Failed to fetch Firebase Project from Studio Workspace because WORKSPACE_SLUG environment variable is empty
[debug] [2025-10-08T07:16:33.620Z] Checked if tokens are valid: false, expires at: 1759907662492
[debug] [2025-10-08T07:16:33.621Z] Checked if tokens are valid: false, expires at: 1759907662492
[debug] [2025-10-08T07:16:33.621Z] > refreshing access token with scopes: []
[debug] [2025-10-08T07:16:33.621Z] >>> [apiv2][query] POST https://www.googleapis.com/oauth2/v3/token [none]
[debug] [2025-10-08T07:16:33.621Z] >>> [apiv2][body] POST https://www.googleapis.com/oauth2/v3/token [omitted]
[debug] [2025-10-08T07:16:33.628Z] Checked if tokens are valid: false, expires at: 1759907662492
[debug] [2025-10-08T07:16:33.628Z] Checked if tokens are valid: false, expires at: 1759907662492
[debug] [2025-10-08T07:16:33.629Z] > refreshing access token with scopes: []
[debug] [2025-10-08T07:16:33.629Z] >>> [apiv2][query] POST https://www.googleapis.com/oauth2/v3/token [none]
[debug] [2025-10-08T07:16:33.629Z] >>> [apiv2][body] POST https://www.googleapis.com/oauth2/v3/token [omitted]
[debug] [2025-10-08T07:16:33.634Z] Checked if tokens are valid: false, expires at: 1759907662492
[debug] [2025-10-08T07:16:33.635Z] Checked if tokens are valid: false, expires at: 1759907662492
[debug] [2025-10-08T07:16:33.637Z] > refreshing access token with scopes: []
[debug] [2025-10-08T07:16:33.637Z] >>> [apiv2][query] POST https://www.googleapis.com/oauth2/v3/token [none]
[debug] [2025-10-08T07:16:33.638Z] >>> [apiv2][body] POST https://www.googleapis.com/oauth2/v3/token [omitted]
[error] Failed to fetch Firebase Project from Studio Workspace because WORKSPACE_SLUG environment variable is empty
[error] Failed to fetch Firebase Project from Studio Workspace because WORKSPACE_SLUG environment variable is empty
[debug] [2025-10-08T07:16:33.630Z] Checked if tokens are valid: false, expires at: 1759907662492
[debug] [2025-10-08T07:16:33.631Z] Checked if tokens are valid: false, expires at: 1759907662492
[debug] [2025-10-08T07:16:33.631Z] > refreshing access token with scopes: []
[debug] [2025-10-08T07:16:33.631Z] >>> [apiv2][query] POST https://www.googleapis.com/oauth2/v3/token [none]
[debug] [2025-10-08T07:16:33.631Z] >>> [apiv2][body] POST https://www.googleapis.com/oauth2/v3/token [omitted]
[debug] [2025-10-08T07:16:33.636Z] Checked if tokens are valid: false, expires at: 1759907662492
[debug] [2025-10-08T07:16:33.636Z] Checked if tokens are valid: false, expires at: 1759907662492
[debug] [2025-10-08T07:16:33.636Z] > refreshing access token with scopes: []
[debug] [2025-10-08T07:16:33.637Z] >>> [apiv2][query] POST https://www.googleapis.com/oauth2/v3/token [none]
[debug] [2025-10-08T07:16:33.637Z] >>> [apiv2][body] POST https://www.googleapis.com/oauth2/v3/token [omitted]
[debug] [2025-10-08T07:16:33.639Z] Checked if tokens are valid: false, expires at: 1759907662492
[debug] [2025-10-08T07:16:33.640Z] Checked if tokens are valid: false, expires at: 1759907662492
[debug] [2025-10-08T07:16:33.640Z] > refreshing access token with scopes: []
[debug] [2025-10-08T07:16:33.641Z] >>> [apiv2][query] POST https://www.googleapis.com/oauth2/v3/token [none]
[debug] [2025-10-08T07:16:33.641Z] >>> [apiv2][body] POST https://www.googleapis.com/oauth2/v3/token [omitted]
[debug] [2025-10-08T07:16:33.700Z] <<< [apiv2][status] POST https://www.googleapis.com/oauth2/v3/token 200
[debug] [2025-10-08T07:16:33.725Z] <<< [apiv2][status] POST https://www.googleapis.com/oauth2/v3/token 200
[debug] [2025-10-08T07:16:33.704Z] <<< [apiv2][body] POST https://www.googleapis.com/oauth2/v3/token [omitted]
[debug] [2025-10-08T07:16:33.733Z] >>> [apiv2][query] GET https://serviceusage.googleapis.com/v1/projects/studio-774665260-80d2e/services/ [none]
[debug] [2025-10-08T07:16:33.733Z] >>> [apiv2][(partial)header] GET https://serviceusage.googleapis.com/v1/projects/studio-774665260-80d2e/services/ x-goog-quota-user=projects/studio-774665260-80d2e
[debug] [2025-10-08T07:16:33.761Z] <<< [apiv2][status] POST https://www.googleapis.com/oauth2/v3/token 200
[debug] [2025-10-08T07:16:33.725Z] <<< [apiv2][body] POST https://www.googleapis.com/oauth2/v3/token [omitted]
[debug] [2025-10-08T07:16:33.761Z] >>> [apiv2][query] GET https://serviceusage.googleapis.com/v1/projects/studio-774665260-80d2e/services/ [none]
[debug] [2025-10-08T07:16:33.762Z] >>> [apiv2][(partial)header] GET https://serviceusage.googleapis.com/v1/projects/studio-774665260-80d2e/services/ x-goog-quota-user=projects/studio-774665260-80d2e
[debug] [2025-10-08T07:16:33.795Z] <<< [apiv2][status] POST https://www.googleapis.com/oauth2/v3/token 200
[debug] [2025-10-08T07:16:33.761Z] <<< [apiv2][body] POST https://www.googleapis.com/oauth2/v3/token [omitted]
[debug] [2025-10-08T07:16:33.791Z] >>> [apiv2][query] GET https://serviceusage.googleapis.com/v1/projects/studio-774665260-80d2e/services/firebasecrashlytics.googleapis.com [none]
[debug] [2025-10-08T07:16:33.791Z] >>> [apiv2][(partial)header] GET https://serviceusage.googleapis.com/v1/projects/studio-774665260-80d2e/services/firebasecrashlytics.googleapis.com x-goog-quota-user=projects/studio-774665260-80d2e
[debug] [2025-10-08T07:16:33.826Z] <<< [apiv2][status] POST https://www.googleapis.com/oauth2/v3/token 200
[debug] [2025-10-08T07:16:33.826Z] <<< [apiv2][body] POST https://www.googleapis.com/oauth2/v3/token [omitted]
[debug] [2025-10-08T07:16:33.843Z] >>> [apiv2][query] GET https://serviceusage.googleapis.com/v1/projects/studio-774665260-80d2e/services/ [none]
[debug] [2025-10-08T07:16:33.843Z] >>> [apiv2][(partial)header] GET https://serviceusage.googleapis.com/v1/projects/studio-774665260-80d2e/services/ x-goog-quota-user=projects/studio-774665260-80d2e
[debug] [2025-10-08T07:16:33.854Z] <<< [apiv2][status] POST https://www.googleapis.com/oauth2/v3/token 200
[debug] [2025-10-08T07:16:33.796Z] <<< [apiv2][body] POST https://www.googleapis.com/oauth2/v3/token [omitted]
[debug] [2025-10-08T07:16:33.819Z] >>> [apiv2][query] GET https://serviceusage.googleapis.com/v1/projects/studio-774665260-80d2e/services/firebasecrashlytics.googleapis.com [none]
[debug] [2025-10-08T07:16:33.820Z] >>> [apiv2][(partial)header] GET https://serviceusage.googleapis.com/v1/projects/studio-774665260-80d2e/services/firebasecrashlytics.googleapis.com x-goog-quota-user=projects/studio-774665260-80d2e
[debug] [2025-10-08T07:16:33.848Z] <<< [apiv2][status] POST https://www.googleapis.com/oauth2/v3/token 200
[debug] [2025-10-08T07:16:33.849Z] <<< [apiv2][body] POST https://www.googleapis.com/oauth2/v3/token [omitted]
[debug] [2025-10-08T07:16:33.867Z] >>> [apiv2][query] GET https://serviceusage.googleapis.com/v1/projects/studio-774665260-80d2e/services/ [none]
[debug] [2025-10-08T07:16:33.867Z] >>> [apiv2][(partial)header] GET https://serviceusage.googleapis.com/v1/projects/studio-774665260-80d2e/services/ x-goog-quota-user=projects/studio-774665260-80d2e
[debug] [2025-10-08T07:16:33.854Z] <<< [apiv2][body] POST https://www.googleapis.com/oauth2/v3/token [omitted]
[debug] [2025-10-08T07:16:33.873Z] >>> [apiv2][query] GET https://serviceusage.googleapis.com/v1/projects/studio-774665260-80d2e/services/firebaseio.com [none]
[debug] [2025-10-08T07:16:33.873Z] >>> [apiv2][(partial)header] GET https://serviceusage.googleapis.com/v1/projects/studio-774665260-80d2e/services/firebaseio.com x-goog-quota-user=projects/studio-774665260-80d2e
[debug] [2025-10-08T07:16:33.901Z] <<< [apiv2][status] POST https://www.googleapis.com/oauth2/v3/token 200
[debug] [2025-10-08T07:16:33.920Z] <<< [apiv2][status] POST https://www.googleapis.com/oauth2/v3/token 200
[debug] [2025-10-08T07:16:33.901Z] <<< [apiv2][body] POST https://www.googleapis.com/oauth2/v3/token [omitted]
[debug] [2025-10-08T07:16:33.919Z] >>> [apiv2][query] GET https://serviceusage.googleapis.com/v1/projects/studio-774665260-80d2e/services/firebaseio.com [none]
[debug] [2025-10-08T07:16:33.919Z] >>> [apiv2][(partial)header] GET https://serviceusage.googleapis.com/v1/projects/studio-774665260-80d2e/services/firebaseio.com x-goog-quota-user=projects/studio-774665260-80d2e
[debug] [2025-10-08T07:16:33.924Z] <<< [apiv2][body] POST https://www.googleapis.com/oauth2/v3/token [omitted]
[debug] [2025-10-08T07:16:33.945Z] >>> [apiv2][query] GET https://serviceusage.googleapis.com/v1/projects/studio-774665260-80d2e/services/firebaseio.com [none]
[debug] [2025-10-08T07:16:33.945Z] >>> [apiv2][(partial)header] GET https://serviceusage.googleapis.com/v1/projects/studio-774665260-80d2e/services/firebaseio.com x-goog-quota-user=projects/studio-774665260-80d2e
[debug] [2025-10-08T07:16:33.929Z] <<< [apiv2][status] POST https://www.googleapis.com/oauth2/v3/token 200
[debug] [2025-10-08T07:16:33.929Z] <<< [apiv2][body] POST https://www.googleapis.com/oauth2/v3/token [omitted]
[debug] [2025-10-08T07:16:33.944Z] >>> [apiv2][query] GET https://serviceusage.googleapis.com/v1/projects/studio-774665260-80d2e/services/firebasecrashlytics.googleapis.com [none]
[debug] [2025-10-08T07:16:33.945Z] >>> [apiv2][(partial)header] GET https://serviceusage.googleapis.com/v1/projects/studio-774665260-80d2e/services/firebasecrashlytics.googleapis.com x-goog-quota-user=projects/studio-774665260-80d2e
[debug] [2025-10-08T07:16:33.960Z] <<< [apiv2][status] POST https://www.googleapis.com/oauth2/v3/token 200
[debug] [2025-10-08T07:16:33.961Z] <<< [apiv2][body] POST https://www.googleapis.com/oauth2/v3/token [omitted]
[debug] [2025-10-08T07:16:33.994Z] >>> [apiv2][query] GET https://serviceusage.googleapis.com/v1/projects/studio-774665260-80d2e/services/firebasecrashlytics.googleapis.com [none]
[debug] [2025-10-08T07:16:33.994Z] >>> [apiv2][(partial)header] GET https://serviceusage.googleapis.com/v1/projects/studio-774665260-80d2e/services/firebasecrashlytics.googleapis.com x-goog-quota-user=projects/studio-774665260-80d2e
[debug] [2025-10-08T07:16:34.001Z] <<< [apiv2][status] POST https://www.googleapis.com/oauth2/v3/token 200
[debug] [2025-10-08T07:16:34.002Z] <<< [apiv2][body] POST https://www.googleapis.com/oauth2/v3/token [omitted]
[debug] [2025-10-08T07:16:34.019Z] >>> [apiv2][query] GET https://serviceusage.googleapis.com/v1/projects/studio-774665260-80d2e/services/firebaseio.com [none]
[debug] [2025-10-08T07:16:34.019Z] >>> [apiv2][(partial)header] GET https://serviceusage.googleapis.com/v1/projects/studio-774665260-80d2e/services/firebaseio.com x-goog-quota-user=projects/studio-774665260-80d2e
[debug] [2025-10-08T07:16:34.520Z] <<< [apiv2][status] GET https://serviceusage.googleapis.com/v1/projects/studio-774665260-80d2e/services/firebaseio.com 403
[debug] [2025-10-08T07:16:34.520Z] <<< [apiv2][body] GET https://serviceusage.googleapis.com/v1/projects/studio-774665260-80d2e/services/firebaseio.com [omitted]
[debug] [2025-10-08T07:16:34.596Z] <<< [apiv2][status] GET https://serviceusage.googleapis.com/v1/projects/studio-774665260-80d2e/services/firebaseio.com 403
[debug] [2025-10-08T07:16:34.596Z] <<< [apiv2][body] GET https://serviceusage.googleapis.com/v1/projects/studio-774665260-80d2e/services/firebaseio.com [omitted]
[debug] [2025-10-08T07:16:34.632Z] <<< [apiv2][status] GET https://serviceusage.googleapis.com/v1/projects/studio-774665260-80d2e/services/firebasecrashlytics.googleapis.com 200
[debug] [2025-10-08T07:16:34.632Z] <<< [apiv2][body] GET https://serviceusage.googleapis.com/v1/projects/studio-774665260-80d2e/services/firebasecrashlytics.googleapis.com [omitted]
[debug] [2025-10-08T07:16:34.660Z] <<< [apiv2][status] GET https://serviceusage.googleapis.com/v1/projects/studio-774665260-80d2e/services/firebaseio.com 403
[debug] [2025-10-08T07:16:34.661Z] <<< [apiv2][body] GET https://serviceusage.googleapis.com/v1/projects/studio-774665260-80d2e/services/firebaseio.com [omitted]
[debug] [2025-10-08T07:16:34.682Z] <<< [apiv2][status] GET https://serviceusage.googleapis.com/v1/projects/studio-774665260-80d2e/services/firebaseio.com 403
[debug] [2025-10-08T07:16:34.682Z] <<< [apiv2][body] GET https://serviceusage.googleapis.com/v1/projects/studio-774665260-80d2e/services/firebaseio.com [omitted]
[debug] [2025-10-08T07:16:34.686Z] <<< [apiv2][status] GET https://serviceusage.googleapis.com/v1/projects/studio-774665260-80d2e/services/firebasecrashlytics.googleapis.com 200
[debug] [2025-10-08T07:16:34.686Z] <<< [apiv2][body] GET https://serviceusage.googleapis.com/v1/projects/studio-774665260-80d2e/services/firebasecrashlytics.googleapis.com [omitted]
[debug] [2025-10-08T07:16:34.722Z] <<< [apiv2][status] GET https://serviceusage.googleapis.com/v1/projects/studio-774665260-80d2e/services/firebasecrashlytics.googleapis.com 200
[debug] [2025-10-08T07:16:34.722Z] <<< [apiv2][body] GET https://serviceusage.googleapis.com/v1/projects/studio-774665260-80d2e/services/firebasecrashlytics.googleapis.com [omitted]
[debug] [2025-10-08T07:16:34.790Z] <<< [apiv2][status] GET https://serviceusage.googleapis.com/v1/projects/studio-774665260-80d2e/services/firebasecrashlytics.googleapis.com 200
[debug] [2025-10-08T07:16:34.790Z] <<< [apiv2][body] GET https://serviceusage.googleapis.com/v1/projects/studio-774665260-80d2e/services/firebasecrashlytics.googleapis.com [omitted]
[debug] [2025-10-08T07:16:34.914Z] <<< [apiv2][status] GET https://serviceusage.googleapis.com/v1/projects/studio-774665260-80d2e/services/ 200
[debug] [2025-10-08T07:16:34.914Z] <<< [apiv2][body] GET https://serviceusage.googleapis.com/v1/projects/studio-774665260-80d2e/services/ [omitted]
[error] Failed to fetch Firebase Project from Studio Workspace because WORKSPACE_SLUG environment variable is empty
[error] Failed to fetch Firebase Project from Studio Workspace because WORKSPACE_SLUG environment variable is empty
[debug] [2025-10-08T07:16:34.943Z] > command requires scopes: ["email","openid","https://www.googleapis.com/auth/cloudplatformprojects.readonly","https://www.googleapis.com/auth/firebase","https://www.googleapis.com/auth/cloud-platform","https://www.googleapis.com/auth/userinfo.email"]
[debug] [2025-10-08T07:16:34.946Z] > authorizing via signed-in user (danielpainoserrano@gmail.com)
[debug] [2025-10-08T07:16:34.959Z] <<< [apiv2][status] GET https://serviceusage.googleapis.com/v1/projects/studio-774665260-80d2e/services/ 200
[debug] [2025-10-08T07:16:34.963Z] <<< [apiv2][body] GET https://serviceusage.googleapis.com/v1/projects/studio-774665260-80d2e/services/ [omitted]
[debug] [2025-10-08T07:16:34.967Z] <<< [apiv2][status] GET https://serviceusage.googleapis.com/v1/projects/studio-774665260-80d2e/services/ 200
[debug] [2025-10-08T07:16:34.967Z] <<< [apiv2][body] GET https://serviceusage.googleapis.com/v1/projects/studio-774665260-80d2e/services/ [omitted]
[debug] [2025-10-08T07:16:34.981Z] <<< [apiv2][status] GET https://serviceusage.googleapis.com/v1/projects/studio-774665260-80d2e/services/ 200
[debug] [2025-10-08T07:16:34.981Z] <<< [apiv2][body] GET https://serviceusage.googleapis.com/v1/projects/studio-774665260-80d2e/services/ [omitted]
[error] Failed to fetch Firebase Project from Studio Workspace because WORKSPACE_SLUG environment variable is empty
[error] Failed to fetch Firebase Project from Studio Workspace because WORKSPACE_SLUG environment variable is empty
[debug] [2025-10-08T07:16:35.012Z] > command requires scopes: ["email","openid","https://www.googleapis.com/auth/cloudplatformprojects.readonly","https://www.googleapis.com/auth/firebase","https://www.googleapis.com/auth/cloud-platform","https://www.googleapis.com/auth/userinfo.email"]
[debug] [2025-10-08T07:16:35.019Z] > authorizing via signed-in user (danielpainoserrano@gmail.com)
[error] Failed to fetch Firebase Project from Studio Workspace because WORKSPACE_SLUG environment variable is empty
[error] Failed to fetch Firebase Project from Studio Workspace because WORKSPACE_SLUG environment variable is empty
[error] Failed to fetch Firebase Project from Studio Workspace because WORKSPACE_SLUG environment variable is empty
[debug] [2025-10-08T07:17:37.436Z] > command requires scopes: ["email","openid","https://www.googleapis.com/auth/cloudplatformprojects.readonly","https://www.googleapis.com/auth/firebase","https://www.googleapis.com/auth/cloud-platform","https://www.googleapis.com/auth/userinfo.email"]
[debug] [2025-10-08T07:17:37.437Z] > authorizing via signed-in user (danielpainoserrano@gmail.com)
[error] Failed to fetch Firebase Project from Studio Workspace because WORKSPACE_SLUG environment variable is empty
[debug] [2025-10-08T07:17:37.442Z] > command requires scopes: ["email","openid","https://www.googleapis.com/auth/cloudplatformprojects.readonly","https://www.googleapis.com/auth/firebase","https://www.googleapis.com/auth/cloud-platform","https://www.googleapis.com/auth/userinfo.email"]
[debug] [2025-10-08T07:17:37.443Z] > authorizing via signed-in user (danielpainoserrano@gmail.com)
[error] Failed to fetch Firebase Project from Studio Workspace because WORKSPACE_SLUG environment variable is empty
[error] Failed to fetch Firebase Project from Studio Workspace because WORKSPACE_SLUG environment variable is empty
[debug] [2025-10-08T07:41:09.363Z] Checked if tokens are valid: true, expires at: 1759911393002
[debug] [2025-10-08T07:41:09.364Z] Checked if tokens are valid: true, expires at: 1759911393002
[debug] [2025-10-08T07:41:09.366Z] Checked if tokens are valid: true, expires at: 1759911393002
[debug] [2025-10-08T07:41:09.366Z] Checked if tokens are valid: true, expires at: 1759911393002
[debug] [2025-10-08T07:41:09.367Z] Checked if tokens are valid: true, expires at: 1759911393002
[debug] [2025-10-08T07:41:09.367Z] Checked if tokens are valid: true, expires at: 1759911393002
[debug] [2025-10-08T07:41:09.370Z] >>> [apiv2][query] GET https://serviceusage.googleapis.com/v1/projects/studio-774665260-80d2e/services/ [none]
[debug] [2025-10-08T07:41:09.371Z] >>> [apiv2][(partial)header] GET https://serviceusage.googleapis.com/v1/projects/studio-774665260-80d2e/services/ x-goog-quota-user=projects/studio-774665260-80d2e
[debug] [2025-10-08T07:41:09.422Z] >>> [apiv2][query] GET https://serviceusage.googleapis.com/v1/projects/studio-774665260-80d2e/services/firebasecrashlytics.googleapis.com [none]
[debug] [2025-10-08T07:41:09.423Z] >>> [apiv2][(partial)header] GET https://serviceusage.googleapis.com/v1/projects/studio-774665260-80d2e/services/firebasecrashlytics.googleapis.com x-goog-quota-user=projects/studio-774665260-80d2e
[debug] [2025-10-08T07:41:09.427Z] >>> [apiv2][query] GET https://serviceusage.googleapis.com/v1/projects/studio-774665260-80d2e/services/firebaseio.com [none]
[debug] [2025-10-08T07:41:09.428Z] >>> [apiv2][(partial)header] GET https://serviceusage.googleapis.com/v1/projects/studio-774665260-80d2e/services/firebaseio.com x-goog-quota-user=projects/studio-774665260-80d2e
[error] Failed to fetch Firebase Project from Studio Workspace because WORKSPACE_SLUG environment variable is empty
[error] Failed to fetch Firebase Project from Studio Workspace because WORKSPACE_SLUG environment variable is empty
[debug] [2025-10-08T07:41:09.523Z] Checked if tokens are valid: true, expires at: 1759911393002
[debug] [2025-10-08T07:41:09.523Z] Checked if tokens are valid: true, expires at: 1759911393002
[debug] [2025-10-08T07:41:09.526Z] Checked if tokens are valid: true, expires at: 1759911393002
[debug] [2025-10-08T07:41:09.526Z] Checked if tokens are valid: true, expires at: 1759911393002
[debug] [2025-10-08T07:41:09.527Z] Checked if tokens are valid: true, expires at: 1759911393002
[debug] [2025-10-08T07:41:09.527Z] Checked if tokens are valid: true, expires at: 1759911393002
[debug] [2025-10-08T07:41:09.527Z] >>> [apiv2][query] GET https://serviceusage.googleapis.com/v1/projects/studio-774665260-80d2e/services/ [none]
[debug] [2025-10-08T07:41:09.527Z] >>> [apiv2][(partial)header] GET https://serviceusage.googleapis.com/v1/projects/studio-774665260-80d2e/services/ x-goog-quota-user=projects/studio-774665260-80d2e
[debug] [2025-10-08T07:41:09.530Z] >>> [apiv2][query] GET https://serviceusage.googleapis.com/v1/projects/studio-774665260-80d2e/services/firebasecrashlytics.googleapis.com [none]
[debug] [2025-10-08T07:41:09.530Z] >>> [apiv2][(partial)header] GET https://serviceusage.googleapis.com/v1/projects/studio-774665260-80d2e/services/firebasecrashlytics.googleapis.com x-goog-quota-user=projects/studio-774665260-80d2e
[debug] [2025-10-08T07:41:09.532Z] >>> [apiv2][query] GET https://serviceusage.googleapis.com/v1/projects/studio-774665260-80d2e/services/firebaseio.com [none]
[debug] [2025-10-08T07:41:09.533Z] >>> [apiv2][(partial)header] GET https://serviceusage.googleapis.com/v1/projects/studio-774665260-80d2e/services/firebaseio.com x-goog-quota-user=projects/studio-774665260-80d2e
[debug] [2025-10-08T07:41:10.103Z] <<< [apiv2][status] GET https://serviceusage.googleapis.com/v1/projects/studio-774665260-80d2e/services/firebaseio.com 403
[debug] [2025-10-08T07:41:10.107Z] <<< [apiv2][body] GET https://serviceusage.googleapis.com/v1/projects/studio-774665260-80d2e/services/firebaseio.com [omitted]
[debug] [2025-10-08T07:41:10.194Z] <<< [apiv2][status] GET https://serviceusage.googleapis.com/v1/projects/studio-774665260-80d2e/services/firebaseio.com 403
[debug] [2025-10-08T07:41:10.197Z] <<< [apiv2][body] GET https://serviceusage.googleapis.com/v1/projects/studio-774665260-80d2e/services/firebaseio.com [omitted]
[debug] [2025-10-08T07:41:10.255Z] <<< [apiv2][status] GET https://serviceusage.googleapis.com/v1/projects/studio-774665260-80d2e/services/firebasecrashlytics.googleapis.com 200
[debug] [2025-10-08T07:41:10.260Z] <<< [apiv2][body] GET https://serviceusage.googleapis.com/v1/projects/studio-774665260-80d2e/services/firebasecrashlytics.googleapis.com [omitted]
[debug] [2025-10-08T07:41:10.270Z] <<< [apiv2][status] GET https://serviceusage.googleapis.com/v1/projects/studio-774665260-80d2e/services/ 200
[debug] [2025-10-08T07:41:10.270Z] <<< [apiv2][body] GET https://serviceusage.googleapis.com/v1/projects/studio-774665260-80d2e/services/ [omitted]
[debug] [2025-10-08T07:41:10.340Z] <<< [apiv2][status] GET https://serviceusage.googleapis.com/v1/projects/studio-774665260-80d2e/services/firebasecrashlytics.googleapis.com 200
[debug] [2025-10-08T07:41:10.340Z] <<< [apiv2][body] GET https://serviceusage.googleapis.com/v1/projects/studio-774665260-80d2e/services/firebasecrashlytics.googleapis.com [omitted]
[error] Failed to fetch Firebase Project from Studio Workspace because WORKSPACE_SLUG environment variable is empty
[error] Failed to fetch Firebase Project from Studio Workspace because WORKSPACE_SLUG environment variable is empty
[debug] [2025-10-08T07:41:10.371Z] > command requires scopes: ["email","openid","https://www.googleapis.com/auth/cloudplatformprojects.readonly","https://www.googleapis.com/auth/firebase","https://www.googleapis.com/auth/cloud-platform","https://www.googleapis.com/auth/userinfo.email"]
[debug] [2025-10-08T07:41:10.372Z] > authorizing via signed-in user (danielpainoserrano@gmail.com)
[debug] [2025-10-08T07:41:10.438Z] <<< [apiv2][status] GET https://serviceusage.googleapis.com/v1/projects/studio-774665260-80d2e/services/ 200
[debug] [2025-10-08T07:41:10.439Z] <<< [apiv2][body] GET https://serviceusage.googleapis.com/v1/projects/studio-774665260-80d2e/services/ [omitted]
[error] Failed to fetch Firebase Project from Studio Workspace because WORKSPACE_SLUG environment variable is empty
[error] Failed to fetch Firebase Project from Studio Workspace because WORKSPACE_SLUG environment variable is empty
[error] Failed to fetch Firebase Project from Studio Workspace because WORKSPACE_SLUG environment variable is empty
[debug] [2025-10-08T07:41:45.166Z] > command requires scopes: ["email","openid","https://www.googleapis.com/auth/cloudplatformprojects.readonly","https://www.googleapis.com/auth/firebase","https://www.googleapis.com/auth/cloud-platform","https://www.googleapis.com/auth/userinfo.email"]
[debug] [2025-10-08T07:41:45.167Z] > authorizing via signed-in user (danielpainoserrano@gmail.com)
[error] Failed to fetch Firebase Project from Studio Workspace because WORKSPACE_SLUG environment variable is empty
[debug] [2025-10-08T07:41:45.174Z] > command requires scopes: ["email","openid","https://www.googleapis.com/auth/cloudplatformprojects.readonly","https://www.googleapis.com/auth/firebase","https://www.googleapis.com/auth/cloud-platform","https://www.googleapis.com/auth/userinfo.email"]
[debug] [2025-10-08T07:41:45.174Z] > authorizing via signed-in user (danielpainoserrano@gmail.com)
